# Logfile created on 2014-01-29 09:38:36 -0600 by logger.rb/41954
I, [2014-01-29T09:38:36.593547 #1343]  INFO -- : 0:  fast-stemmer (1.0.2) from /Users/mshwery/.rvm/gems/ruby-2.0.0-p353/specifications/fast-stemmer-1.0.2.gemspec
I, [2014-01-29T09:38:37.515883 #1343]  INFO -- : 0:  classifier (1.3.3) from /Users/mshwery/.rvm/gems/ruby-2.0.0-p353/specifications/classifier-1.3.3.gemspec
I, [2014-01-29T09:38:39.326889 #1343]  INFO -- : 0:  coderay (1.0.9) from /Users/mshwery/.rvm/gems/ruby-2.0.0-p353/specifications/coderay-1.0.9.gemspec
I, [2014-01-29T09:38:39.936519 #1343]  INFO -- : 0:  daemons (1.1.9) from /Users/mshwery/.rvm/gems/ruby-2.0.0-p353/specifications/daemons-1.1.9.gemspec
I, [2014-01-29T09:38:40.682401 #1343]  INFO -- : 0:  directory_watcher (1.5.1) from /Users/mshwery/.rvm/gems/ruby-2.0.0-p353/specifications/directory_watcher-1.5.1.gemspec
I, [2014-01-29T09:38:51.108544 #1343]  INFO -- : 0:  eventmachine (1.0.3) from /Users/mshwery/.rvm/gems/ruby-2.0.0-p353/specifications/eventmachine-1.0.3.gemspec
I, [2014-01-29T09:38:54.532941 #1343]  INFO -- : 0:  kramdown (0.14.2) from /Users/mshwery/.rvm/gems/ruby-2.0.0-p353/specifications/kramdown-0.14.2.gemspec
I, [2014-01-29T09:38:55.291832 #1343]  INFO -- : 0:  liquid (2.5.0) from /Users/mshwery/.rvm/gems/ruby-2.0.0-p353/specifications/liquid-2.5.0.gemspec
I, [2014-01-29T09:38:56.362988 #1343]  INFO -- : 0:  syntax (1.0.0) from /Users/mshwery/.rvm/gems/ruby-2.0.0-p353/specifications/syntax-1.0.0.gemspec
I, [2014-01-29T09:38:57.471267 #1343]  INFO -- : 0:  maruku (0.6.1) from /Users/mshwery/.rvm/gems/ruby-2.0.0-p353/specifications/maruku-0.6.1.gemspec
I, [2014-01-29T09:38:58.846930 #1343]  INFO -- : 0:  posix-spawn (0.3.6) from /Users/mshwery/.rvm/gems/ruby-2.0.0-p353/specifications/posix-spawn-0.3.6.gemspec
I, [2014-01-29T09:39:01.749999 #1343]  INFO -- : 0:  yajl-ruby (1.1.0) from /Users/mshwery/.rvm/gems/ruby-2.0.0-p353/specifications/yajl-ruby-1.1.0.gemspec
I, [2014-01-29T09:39:05.313017 #1343]  INFO -- : 0:  pygments.rb (0.3.7) from /Users/mshwery/.rvm/gems/ruby-2.0.0-p353/specifications/pygments.rb-0.3.7.gemspec
I, [2014-01-29T09:39:06.203966 #1343]  INFO -- : 0:  jekyll (0.12.1) from /Users/mshwery/.rvm/gems/ruby-2.0.0-p353/specifications/jekyll-0.12.1.gemspec
I, [2014-01-29T09:39:06.962792 #1343]  INFO -- : 0:  rack (1.4.5) from /Users/mshwery/.rvm/gems/ruby-2.0.0-p353/specifications/rack-1.4.5.gemspec
I, [2014-01-29T09:39:07.084651 #1343]  INFO -- : 0:  rack-jekyll (0.4.0) from /Users/mshwery/.rvm/gems/ruby-2.0.0-p353/bundler/gems/rack-jekyll-11426c7729fd/rack-jekyll.gemspec
I, [2014-01-29T09:39:08.933931 #1343]  INFO -- : 0:  thin (1.5.1) from /Users/mshwery/.rvm/gems/ruby-2.0.0-p353/specifications/thin-1.5.1.gemspec
I, [2014-01-29T09:39:08.934881 #1343]  INFO -- : 0:  bundler (1.5.0) from /Users/mshwery/.rvm/gems/ruby-2.0.0-p353@global/specifications/bundler-1.5.0.gemspec
I, [2014-01-29T21:33:05.719380 #2363]  INFO -- : 0:  blankslate (2.1.2.4) from /Users/mshwery/.rvm/gems/ruby-2.0.0-p353/specifications/blankslate-2.1.2.4.gemspec
I, [2014-01-29T21:33:05.719915 #2363]  INFO -- : 0:  fast-stemmer (1.0.2) from /Users/mshwery/.rvm/gems/ruby-2.0.0-p353/specifications/fast-stemmer-1.0.2.gemspec
I, [2014-01-29T21:33:06.170125 #2363]  INFO -- : 0:  classifier (1.3.4) from /Users/mshwery/.rvm/gems/ruby-2.0.0-p353/specifications/classifier-1.3.4.gemspec
I, [2014-01-29T21:33:07.076166 #2363]  INFO -- : 0:  coderay (1.1.0) from /Users/mshwery/.rvm/gems/ruby-2.0.0-p353/specifications/coderay-1.1.0.gemspec
I, [2014-01-29T21:33:07.602920 #2363]  INFO -- : 0:  colorator (0.1) from /Users/mshwery/.rvm/gems/ruby-2.0.0-p353/specifications/colorator-0.1.gemspec
I, [2014-01-29T21:33:08.484106 #2363]  INFO -- : 0:  highline (1.6.20) from /Users/mshwery/.rvm/gems/ruby-2.0.0-p353/specifications/highline-1.6.20.gemspec
I, [2014-01-29T21:33:08.956424 #2363]  INFO -- : 0:  commander (4.1.5) from /Users/mshwery/.rvm/gems/ruby-2.0.0-p353/specifications/commander-4.1.5.gemspec
I, [2014-01-29T21:33:08.956985 #2363]  INFO -- : 0:  daemons (1.1.9) from /Users/mshwery/.rvm/gems/ruby-2.0.0-p353/specifications/daemons-1.1.9.gemspec
I, [2014-01-29T21:33:08.957412 #2363]  INFO -- : 0:  eventmachine (1.0.3) from /Users/mshwery/.rvm/gems/ruby-2.0.0-p353/specifications/eventmachine-1.0.3.gemspec
I, [2014-01-29T21:33:16.677193 #2363]  INFO -- : 0:  ffi (1.9.3) from /Users/mshwery/.rvm/gems/ruby-2.0.0-p353/specifications/ffi-1.9.3.gemspec
I, [2014-01-29T21:33:17.584624 #2363]  INFO -- : 0:  liquid (2.5.5) from /Users/mshwery/.rvm/gems/ruby-2.0.0-p353/specifications/liquid-2.5.5.gemspec
I, [2014-01-29T21:33:18.373553 #2363]  INFO -- : 0:  rb-fsevent (0.9.4) from /Users/mshwery/.rvm/gems/ruby-2.0.0-p353/specifications/rb-fsevent-0.9.4.gemspec
I, [2014-01-29T21:33:18.819175 #2363]  INFO -- : 0:  rb-inotify (0.9.3) from /Users/mshwery/.rvm/gems/ruby-2.0.0-p353/specifications/rb-inotify-0.9.3.gemspec
I, [2014-01-29T21:33:19.306499 #2363]  INFO -- : 0:  rb-kqueue (0.2.0) from /Users/mshwery/.rvm/gems/ruby-2.0.0-p353/specifications/rb-kqueue-0.2.0.gemspec
I, [2014-01-29T21:33:19.988780 #2363]  INFO -- : 0:  listen (1.3.1) from /Users/mshwery/.rvm/gems/ruby-2.0.0-p353/specifications/listen-1.3.1.gemspec
I, [2014-01-29T21:33:21.873470 #2363]  INFO -- : 0:  maruku (0.7.1) from /Users/mshwery/.rvm/gems/ruby-2.0.0-p353/specifications/maruku-0.7.1.gemspec
I, [2014-01-29T21:33:24.308205 #2363]  INFO -- : 0:  posix-spawn (0.3.8) from /Users/mshwery/.rvm/gems/ruby-2.0.0-p353/specifications/posix-spawn-0.3.8.gemspec
I, [2014-01-29T21:33:24.309106 #2363]  INFO -- : 0:  yajl-ruby (1.1.0) from /Users/mshwery/.rvm/gems/ruby-2.0.0-p353/specifications/yajl-ruby-1.1.0.gemspec
I, [2014-01-29T21:33:39.272525 #2363]  INFO -- : 0:  pygments.rb (0.5.4) from /Users/mshwery/.rvm/gems/ruby-2.0.0-p353/specifications/pygments.rb-0.5.4.gemspec
I, [2014-01-29T21:33:42.504202 #2363]  INFO -- : 0:  redcarpet (2.3.0) from /Users/mshwery/.rvm/gems/ruby-2.0.0-p353/specifications/redcarpet-2.3.0.gemspec
I, [2014-01-29T21:33:43.004259 #2363]  INFO -- : 0:  safe_yaml (0.9.7) from /Users/mshwery/.rvm/gems/ruby-2.0.0-p353/specifications/safe_yaml-0.9.7.gemspec
I, [2014-01-29T21:33:43.527617 #2363]  INFO -- : 0:  parslet (1.5.0) from /Users/mshwery/.rvm/gems/ruby-2.0.0-p353/specifications/parslet-1.5.0.gemspec
I, [2014-01-29T21:33:43.976658 #2363]  INFO -- : 0:  toml (0.1.0) from /Users/mshwery/.rvm/gems/ruby-2.0.0-p353/specifications/toml-0.1.0.gemspec
I, [2014-01-29T21:33:45.466217 #2363]  INFO -- : 0:  jekyll (1.4.3) from /Users/mshwery/.rvm/gems/ruby-2.0.0-p353/specifications/jekyll-1.4.3.gemspec
I, [2014-01-29T21:33:49.110918 #2363]  INFO -- : 0:  kramdown (1.3.1) from /Users/mshwery/.rvm/gems/ruby-2.0.0-p353/specifications/kramdown-1.3.1.gemspec
I, [2014-01-29T21:33:49.111657 #2363]  INFO -- : 0:  rack (1.5.2) from /Users/mshwery/.rvm/gems/ruby-2.0.0-p353/specifications/rack-1.5.2.gemspec
I, [2014-01-29T21:33:50.616292 #2363]  INFO -- : 0:  rack-jekyll (0.4.1) from /Users/mshwery/.rvm/gems/ruby-2.0.0-p353/bundler/gems/rack-jekyll-4a77cbb4e4ef/rack-jekyll.gemspec
I, [2014-01-29T21:33:51.738904 #2363]  INFO -- : 0:  thin (1.6.1) from /Users/mshwery/.rvm/gems/ruby-2.0.0-p353/specifications/thin-1.6.1.gemspec
I, [2014-01-29T21:33:51.739623 #2363]  INFO -- : 0:  bundler (1.5.0) from /Users/mshwery/.rvm/gems/ruby-2.0.0-p353@global/specifications/bundler-1.5.0.gemspec
I, [2014-01-29T22:37:33.244653 #3445]  INFO -- : 0:  blankslate (2.1.2.4) from /Users/mshwery/.rvm/gems/ruby-2.0.0-p353/specifications/blankslate-2.1.2.4.gemspec
I, [2014-01-29T22:37:33.251674 #3445]  INFO -- : 0:  fast-stemmer (1.0.2) from /Users/mshwery/.rvm/gems/ruby-2.0.0-p353/specifications/fast-stemmer-1.0.2.gemspec
I, [2014-01-29T22:37:33.252118 #3445]  INFO -- : 0:  classifier (1.3.4) from /Users/mshwery/.rvm/gems/ruby-2.0.0-p353/specifications/classifier-1.3.4.gemspec
I, [2014-01-29T22:37:33.252508 #3445]  INFO -- : 0:  coderay (1.1.0) from /Users/mshwery/.rvm/gems/ruby-2.0.0-p353/specifications/coderay-1.1.0.gemspec
I, [2014-01-29T22:37:33.252879 #3445]  INFO -- : 0:  colorator (0.1) from /Users/mshwery/.rvm/gems/ruby-2.0.0-p353/specifications/colorator-0.1.gemspec
I, [2014-01-29T22:37:33.253258 #3445]  INFO -- : 0:  highline (1.6.20) from /Users/mshwery/.rvm/gems/ruby-2.0.0-p353/specifications/highline-1.6.20.gemspec
I, [2014-01-29T22:37:33.253699 #3445]  INFO -- : 0:  commander (4.1.5) from /Users/mshwery/.rvm/gems/ruby-2.0.0-p353/specifications/commander-4.1.5.gemspec
I, [2014-01-29T22:37:33.254080 #3445]  INFO -- : 0:  daemons (1.1.9) from /Users/mshwery/.rvm/gems/ruby-2.0.0-p353/specifications/daemons-1.1.9.gemspec
I, [2014-01-29T22:37:33.254465 #3445]  INFO -- : 0:  eventmachine (1.0.3) from /Users/mshwery/.rvm/gems/ruby-2.0.0-p353/specifications/eventmachine-1.0.3.gemspec
I, [2014-01-29T22:37:33.254835 #3445]  INFO -- : 0:  ffi (1.9.3) from /Users/mshwery/.rvm/gems/ruby-2.0.0-p353/specifications/ffi-1.9.3.gemspec
I, [2014-01-29T22:37:33.255213 #3445]  INFO -- : 0:  liquid (2.5.5) from /Users/mshwery/.rvm/gems/ruby-2.0.0-p353/specifications/liquid-2.5.5.gemspec
I, [2014-01-29T22:37:33.255581 #3445]  INFO -- : 0:  rb-fsevent (0.9.4) from /Users/mshwery/.rvm/gems/ruby-2.0.0-p353/specifications/rb-fsevent-0.9.4.gemspec
I, [2014-01-29T22:37:33.255901 #3445]  INFO -- : 0:  rb-inotify (0.9.3) from /Users/mshwery/.rvm/gems/ruby-2.0.0-p353/specifications/rb-inotify-0.9.3.gemspec
I, [2014-01-29T22:37:33.256222 #3445]  INFO -- : 0:  rb-kqueue (0.2.0) from /Users/mshwery/.rvm/gems/ruby-2.0.0-p353/specifications/rb-kqueue-0.2.0.gemspec
I, [2014-01-29T22:37:33.256545 #3445]  INFO -- : 0:  listen (1.3.1) from /Users/mshwery/.rvm/gems/ruby-2.0.0-p353/specifications/listen-1.3.1.gemspec
I, [2014-01-29T22:37:33.256870 #3445]  INFO -- : 0:  maruku (0.7.1) from /Users/mshwery/.rvm/gems/ruby-2.0.0-p353/specifications/maruku-0.7.1.gemspec
I, [2014-01-29T22:37:33.257206 #3445]  INFO -- : 0:  posix-spawn (0.3.8) from /Users/mshwery/.rvm/gems/ruby-2.0.0-p353/specifications/posix-spawn-0.3.8.gemspec
I, [2014-01-29T22:37:33.257533 #3445]  INFO -- : 0:  yajl-ruby (1.1.0) from /Users/mshwery/.rvm/gems/ruby-2.0.0-p353/specifications/yajl-ruby-1.1.0.gemspec
I, [2014-01-29T22:37:33.257876 #3445]  INFO -- : 0:  pygments.rb (0.5.4) from /Users/mshwery/.rvm/gems/ruby-2.0.0-p353/specifications/pygments.rb-0.5.4.gemspec
I, [2014-01-29T22:37:33.258182 #3445]  INFO -- : 0:  redcarpet (2.3.0) from /Users/mshwery/.rvm/gems/ruby-2.0.0-p353/specifications/redcarpet-2.3.0.gemspec
I, [2014-01-29T22:37:33.258471 #3445]  INFO -- : 0:  safe_yaml (0.9.7) from /Users/mshwery/.rvm/gems/ruby-2.0.0-p353/specifications/safe_yaml-0.9.7.gemspec
I, [2014-01-29T22:37:33.258761 #3445]  INFO -- : 0:  parslet (1.5.0) from /Users/mshwery/.rvm/gems/ruby-2.0.0-p353/specifications/parslet-1.5.0.gemspec
I, [2014-01-29T22:37:33.259095 #3445]  INFO -- : 0:  toml (0.1.0) from /Users/mshwery/.rvm/gems/ruby-2.0.0-p353/specifications/toml-0.1.0.gemspec
I, [2014-01-29T22:37:33.259397 #3445]  INFO -- : 0:  jekyll (1.4.3) from /Users/mshwery/.rvm/gems/ruby-2.0.0-p353/specifications/jekyll-1.4.3.gemspec
I, [2014-01-29T22:37:33.259694 #3445]  INFO -- : 0:  kramdown (1.3.1) from /Users/mshwery/.rvm/gems/ruby-2.0.0-p353/specifications/kramdown-1.3.1.gemspec
I, [2014-01-29T22:37:33.259997 #3445]  INFO -- : 0:  rack (1.5.2) from /Users/mshwery/.rvm/gems/ruby-2.0.0-p353/specifications/rack-1.5.2.gemspec
I, [2014-01-29T22:37:33.390850 #3445]  INFO -- : 0:  rack-jekyll (0.4.1) from /Users/mshwery/.rvm/gems/ruby-2.0.0-p353/bundler/gems/rack-jekyll-4a77cbb4e4ef/rack-jekyll.gemspec
I, [2014-01-29T22:37:33.391442 #3445]  INFO -- : 0:  thin (1.6.1) from /Users/mshwery/.rvm/gems/ruby-2.0.0-p353/specifications/thin-1.6.1.gemspec
I, [2014-01-29T22:37:33.391816 #3445]  INFO -- : 0:  bundler (1.5.0) from /Users/mshwery/.rvm/gems/ruby-2.0.0-p353@global/specifications/bundler-1.5.0.gemspec
I, [2014-02-08T15:04:30.638435 #12521]  INFO -- : 0:  blankslate (2.1.2.4) from /Users/mshwery/.rvm/gems/ruby-2.0.0-p353/specifications/blankslate-2.1.2.4.gemspec
I, [2014-02-08T15:04:30.681659 #12521]  INFO -- : 0:  fast-stemmer (1.0.2) from /Users/mshwery/.rvm/gems/ruby-2.0.0-p353/specifications/fast-stemmer-1.0.2.gemspec
I, [2014-02-08T15:04:30.682353 #12521]  INFO -- : 0:  classifier (1.3.4) from /Users/mshwery/.rvm/gems/ruby-2.0.0-p353/specifications/classifier-1.3.4.gemspec
I, [2014-02-08T15:04:30.682966 #12521]  INFO -- : 0:  coderay (1.1.0) from /Users/mshwery/.rvm/gems/ruby-2.0.0-p353/specifications/coderay-1.1.0.gemspec
I, [2014-02-08T15:04:30.683420 #12521]  INFO -- : 0:  colorator (0.1) from /Users/mshwery/.rvm/gems/ruby-2.0.0-p353/specifications/colorator-0.1.gemspec
I, [2014-02-08T15:04:30.683842 #12521]  INFO -- : 0:  highline (1.6.20) from /Users/mshwery/.rvm/gems/ruby-2.0.0-p353/specifications/highline-1.6.20.gemspec
I, [2014-02-08T15:04:30.684292 #12521]  INFO -- : 0:  commander (4.1.5) from /Users/mshwery/.rvm/gems/ruby-2.0.0-p353/specifications/commander-4.1.5.gemspec
I, [2014-02-08T15:04:30.684662 #12521]  INFO -- : 0:  daemons (1.1.9) from /Users/mshwery/.rvm/gems/ruby-2.0.0-p353/specifications/daemons-1.1.9.gemspec
I, [2014-02-08T15:04:30.685090 #12521]  INFO -- : 0:  eventmachine (1.0.3) from /Users/mshwery/.rvm/gems/ruby-2.0.0-p353/specifications/eventmachine-1.0.3.gemspec
I, [2014-02-08T15:04:30.685459 #12521]  INFO -- : 0:  ffi (1.9.3) from /Users/mshwery/.rvm/gems/ruby-2.0.0-p353/specifications/ffi-1.9.3.gemspec
I, [2014-02-08T15:04:30.685872 #12521]  INFO -- : 0:  liquid (2.5.5) from /Users/mshwery/.rvm/gems/ruby-2.0.0-p353/specifications/liquid-2.5.5.gemspec
I, [2014-02-08T15:04:30.686242 #12521]  INFO -- : 0:  rb-fsevent (0.9.4) from /Users/mshwery/.rvm/gems/ruby-2.0.0-p353/specifications/rb-fsevent-0.9.4.gemspec
I, [2014-02-08T15:04:30.686693 #12521]  INFO -- : 0:  rb-inotify (0.9.3) from /Users/mshwery/.rvm/gems/ruby-2.0.0-p353/specifications/rb-inotify-0.9.3.gemspec
I, [2014-02-08T15:04:30.687066 #12521]  INFO -- : 0:  rb-kqueue (0.2.0) from /Users/mshwery/.rvm/gems/ruby-2.0.0-p353/specifications/rb-kqueue-0.2.0.gemspec
I, [2014-02-08T15:04:30.687476 #12521]  INFO -- : 0:  listen (1.3.1) from /Users/mshwery/.rvm/gems/ruby-2.0.0-p353/specifications/listen-1.3.1.gemspec
I, [2014-02-08T15:04:30.687847 #12521]  INFO -- : 0:  maruku (0.7.1) from /Users/mshwery/.rvm/gems/ruby-2.0.0-p353/specifications/maruku-0.7.1.gemspec
I, [2014-02-08T15:04:30.688279 #12521]  INFO -- : 0:  posix-spawn (0.3.8) from /Users/mshwery/.rvm/gems/ruby-2.0.0-p353/specifications/posix-spawn-0.3.8.gemspec
I, [2014-02-08T15:04:30.688649 #12521]  INFO -- : 0:  yajl-ruby (1.1.0) from /Users/mshwery/.rvm/gems/ruby-2.0.0-p353/specifications/yajl-ruby-1.1.0.gemspec
I, [2014-02-08T15:04:30.689025 #12521]  INFO -- : 0:  pygments.rb (0.5.4) from /Users/mshwery/.rvm/gems/ruby-2.0.0-p353/specifications/pygments.rb-0.5.4.gemspec
I, [2014-02-08T15:04:30.689448 #12521]  INFO -- : 0:  redcarpet (2.3.0) from /Users/mshwery/.rvm/gems/ruby-2.0.0-p353/specifications/redcarpet-2.3.0.gemspec
I, [2014-02-08T15:04:30.689818 #12521]  INFO -- : 0:  safe_yaml (0.9.7) from /Users/mshwery/.rvm/gems/ruby-2.0.0-p353/specifications/safe_yaml-0.9.7.gemspec
I, [2014-02-08T15:04:30.690242 #12521]  INFO -- : 0:  parslet (1.5.0) from /Users/mshwery/.rvm/gems/ruby-2.0.0-p353/specifications/parslet-1.5.0.gemspec
I, [2014-02-08T15:04:30.690608 #12521]  INFO -- : 0:  toml (0.1.0) from /Users/mshwery/.rvm/gems/ruby-2.0.0-p353/specifications/toml-0.1.0.gemspec
I, [2014-02-08T15:04:30.690988 #12521]  INFO -- : 0:  jekyll (1.4.3) from /Users/mshwery/.rvm/gems/ruby-2.0.0-p353/specifications/jekyll-1.4.3.gemspec
I, [2014-02-08T15:04:30.691423 #12521]  INFO -- : 0:  kramdown (1.3.1) from /Users/mshwery/.rvm/gems/ruby-2.0.0-p353/specifications/kramdown-1.3.1.gemspec
I, [2014-02-08T15:04:30.691769 #12521]  INFO -- : 0:  rack (1.5.2) from /Users/mshwery/.rvm/gems/ruby-2.0.0-p353/specifications/rack-1.5.2.gemspec
I, [2014-02-08T15:04:31.003568 #12521]  INFO -- : 0:  rack-jekyll (0.4.1) from /Users/mshwery/.rvm/gems/ruby-2.0.0-p353/bundler/gems/rack-jekyll-4a77cbb4e4ef/rack-jekyll.gemspec
I, [2014-02-08T15:04:31.004129 #12521]  INFO -- : 0:  thin (1.6.1) from /Users/mshwery/.rvm/gems/ruby-2.0.0-p353/specifications/thin-1.6.1.gemspec
I, [2014-02-08T15:04:31.004455 #12521]  INFO -- : 0:  bundler (1.5.0) from /Users/mshwery/.rvm/gems/ruby-2.0.0-p353@global/specifications/bundler-1.5.0.gemspec
I, [2014-02-08T15:49:11.148598 #12959]  INFO -- : 0:  blankslate (2.1.2.4) from /Users/mshwery/.rvm/gems/ruby-2.0.0-p353/specifications/blankslate-2.1.2.4.gemspec
I, [2014-02-08T15:49:11.159269 #12959]  INFO -- : 0:  fast-stemmer (1.0.2) from /Users/mshwery/.rvm/gems/ruby-2.0.0-p353/specifications/fast-stemmer-1.0.2.gemspec
I, [2014-02-08T15:49:11.161197 #12959]  INFO -- : 0:  classifier (1.3.4) from /Users/mshwery/.rvm/gems/ruby-2.0.0-p353/specifications/classifier-1.3.4.gemspec
I, [2014-02-08T15:49:11.172144 #12959]  INFO -- : 0:  coderay (1.1.0) from /Users/mshwery/.rvm/gems/ruby-2.0.0-p353/specifications/coderay-1.1.0.gemspec
I, [2014-02-08T15:49:11.182086 #12959]  INFO -- : 0:  colorator (0.1) from /Users/mshwery/.rvm/gems/ruby-2.0.0-p353/specifications/colorator-0.1.gemspec
I, [2014-02-08T15:49:11.182585 #12959]  INFO -- : 0:  highline (1.6.20) from /Users/mshwery/.rvm/gems/ruby-2.0.0-p353/specifications/highline-1.6.20.gemspec
I, [2014-02-08T15:49:11.188135 #12959]  INFO -- : 0:  commander (4.1.5) from /Users/mshwery/.rvm/gems/ruby-2.0.0-p353/specifications/commander-4.1.5.gemspec
I, [2014-02-08T15:49:11.188701 #12959]  INFO -- : 0:  daemons (1.1.9) from /Users/mshwery/.rvm/gems/ruby-2.0.0-p353/specifications/daemons-1.1.9.gemspec
I, [2014-02-08T15:49:11.189467 #12959]  INFO -- : 0:  eventmachine (1.0.3) from /Users/mshwery/.rvm/gems/ruby-2.0.0-p353/specifications/eventmachine-1.0.3.gemspec
I, [2014-02-08T15:49:11.189788 #12959]  INFO -- : 0:  ffi (1.9.3) from /Users/mshwery/.rvm/gems/ruby-2.0.0-p353/specifications/ffi-1.9.3.gemspec
I, [2014-02-08T15:49:11.190583 #12959]  INFO -- : 0:  hike (1.2.3) from /Users/mshwery/.rvm/gems/ruby-2.0.0-p353/specifications/hike-1.2.3.gemspec
I, [2014-02-08T15:49:11.190886 #12959]  INFO -- : 0:  liquid (2.5.5) from /Users/mshwery/.rvm/gems/ruby-2.0.0-p353/specifications/liquid-2.5.5.gemspec
I, [2014-02-08T15:49:11.191162 #12959]  INFO -- : 0:  rb-fsevent (0.9.4) from /Users/mshwery/.rvm/gems/ruby-2.0.0-p353/specifications/rb-fsevent-0.9.4.gemspec
I, [2014-02-08T15:49:11.191454 #12959]  INFO -- : 0:  rb-inotify (0.9.3) from /Users/mshwery/.rvm/gems/ruby-2.0.0-p353/specifications/rb-inotify-0.9.3.gemspec
I, [2014-02-08T15:49:11.191779 #12959]  INFO -- : 0:  rb-kqueue (0.2.0) from /Users/mshwery/.rvm/gems/ruby-2.0.0-p353/specifications/rb-kqueue-0.2.0.gemspec
I, [2014-02-08T15:49:11.192068 #12959]  INFO -- : 0:  listen (1.3.1) from /Users/mshwery/.rvm/gems/ruby-2.0.0-p353/specifications/listen-1.3.1.gemspec
I, [2014-02-08T15:49:11.192360 #12959]  INFO -- : 0:  maruku (0.7.1) from /Users/mshwery/.rvm/gems/ruby-2.0.0-p353/specifications/maruku-0.7.1.gemspec
I, [2014-02-08T15:49:11.192675 #12959]  INFO -- : 0:  posix-spawn (0.3.8) from /Users/mshwery/.rvm/gems/ruby-2.0.0-p353/specifications/posix-spawn-0.3.8.gemspec
I, [2014-02-08T15:49:11.192962 #12959]  INFO -- : 0:  yajl-ruby (1.1.0) from /Users/mshwery/.rvm/gems/ruby-2.0.0-p353/specifications/yajl-ruby-1.1.0.gemspec
I, [2014-02-08T15:49:11.193250 #12959]  INFO -- : 0:  pygments.rb (0.5.4) from /Users/mshwery/.rvm/gems/ruby-2.0.0-p353/specifications/pygments.rb-0.5.4.gemspec
I, [2014-02-08T15:49:11.193533 #12959]  INFO -- : 0:  redcarpet (2.3.0) from /Users/mshwery/.rvm/gems/ruby-2.0.0-p353/specifications/redcarpet-2.3.0.gemspec
I, [2014-02-08T15:49:11.193840 #12959]  INFO -- : 0:  safe_yaml (0.9.7) from /Users/mshwery/.rvm/gems/ruby-2.0.0-p353/specifications/safe_yaml-0.9.7.gemspec
I, [2014-02-08T15:49:11.194125 #12959]  INFO -- : 0:  parslet (1.5.0) from /Users/mshwery/.rvm/gems/ruby-2.0.0-p353/specifications/parslet-1.5.0.gemspec
I, [2014-02-08T15:49:11.194405 #12959]  INFO -- : 0:  toml (0.1.0) from /Users/mshwery/.rvm/gems/ruby-2.0.0-p353/specifications/toml-0.1.0.gemspec
I, [2014-02-08T15:49:11.194691 #12959]  INFO -- : 0:  jekyll (1.4.3) from /Users/mshwery/.rvm/gems/ruby-2.0.0-p353/specifications/jekyll-1.4.3.gemspec
I, [2014-02-08T15:49:12.341915 #12959]  INFO -- : 0:  multi_json (1.8.4) from /Users/mshwery/.rvm/gems/ruby-2.0.0-p353/specifications/multi_json-1.8.4.gemspec
I, [2014-02-08T15:49:12.342469 #12959]  INFO -- : 0:  rack (1.5.2) from /Users/mshwery/.rvm/gems/ruby-2.0.0-p353/specifications/rack-1.5.2.gemspec
I, [2014-02-08T15:49:12.343005 #12959]  INFO -- : 0:  tilt (1.4.1) from /Users/mshwery/.rvm/gems/ruby-2.0.0-p353/specifications/tilt-1.4.1.gemspec
I, [2014-02-08T15:49:12.343519 #12959]  INFO -- : 0:  sprockets (2.10.1) from /Users/mshwery/.rvm/gems/ruby-2.0.0-p353/specifications/sprockets-2.10.1.gemspec
I, [2014-02-08T15:49:13.103841 #12959]  INFO -- : 0:  jekyll-assets (0.7.4) from /Users/mshwery/.rvm/gems/ruby-2.0.0-p353/specifications/jekyll-assets-0.7.4.gemspec
I, [2014-02-08T15:49:13.105053 #12959]  INFO -- : 0:  kramdown (1.3.1) from /Users/mshwery/.rvm/gems/ruby-2.0.0-p353/specifications/kramdown-1.3.1.gemspec
I, [2014-02-08T15:49:13.213058 #12959]  INFO -- : 0:  rack-jekyll (0.4.1) from /Users/mshwery/.rvm/gems/ruby-2.0.0-p353/bundler/gems/rack-jekyll-4a77cbb4e4ef/rack-jekyll.gemspec
I, [2014-02-08T15:49:13.213518 #12959]  INFO -- : 0:  thin (1.6.1) from /Users/mshwery/.rvm/gems/ruby-2.0.0-p353/specifications/thin-1.6.1.gemspec
I, [2014-02-08T15:49:13.213807 #12959]  INFO -- : 0:  bundler (1.5.0) from /Users/mshwery/.rvm/gems/ruby-2.0.0-p353@global/specifications/bundler-1.5.0.gemspec
I, [2014-02-08T15:55:40.436040 #13042]  INFO -- : 0:  blankslate (2.1.2.4) from /Users/mshwery/.rvm/gems/ruby-2.0.0-p353/specifications/blankslate-2.1.2.4.gemspec
I, [2014-02-08T15:55:40.436483 #13042]  INFO -- : 0:  fast-stemmer (1.0.2) from /Users/mshwery/.rvm/gems/ruby-2.0.0-p353/specifications/fast-stemmer-1.0.2.gemspec
I, [2014-02-08T15:55:40.436784 #13042]  INFO -- : 0:  classifier (1.3.4) from /Users/mshwery/.rvm/gems/ruby-2.0.0-p353/specifications/classifier-1.3.4.gemspec
I, [2014-02-08T15:55:40.437070 #13042]  INFO -- : 0:  coderay (1.1.0) from /Users/mshwery/.rvm/gems/ruby-2.0.0-p353/specifications/coderay-1.1.0.gemspec
I, [2014-02-08T15:55:40.437354 #13042]  INFO -- : 0:  colorator (0.1) from /Users/mshwery/.rvm/gems/ruby-2.0.0-p353/specifications/colorator-0.1.gemspec
I, [2014-02-08T15:55:40.438121 #13042]  INFO -- : 0:  highline (1.6.20) from /Users/mshwery/.rvm/gems/ruby-2.0.0-p353/specifications/highline-1.6.20.gemspec
I, [2014-02-08T15:55:40.438427 #13042]  INFO -- : 0:  commander (4.1.5) from /Users/mshwery/.rvm/gems/ruby-2.0.0-p353/specifications/commander-4.1.5.gemspec
I, [2014-02-08T15:55:40.438715 #13042]  INFO -- : 0:  daemons (1.1.9) from /Users/mshwery/.rvm/gems/ruby-2.0.0-p353/specifications/daemons-1.1.9.gemspec
I, [2014-02-08T15:55:40.439010 #13042]  INFO -- : 0:  eventmachine (1.0.3) from /Users/mshwery/.rvm/gems/ruby-2.0.0-p353/specifications/eventmachine-1.0.3.gemspec
I, [2014-02-08T15:55:40.439295 #13042]  INFO -- : 0:  ffi (1.9.3) from /Users/mshwery/.rvm/gems/ruby-2.0.0-p353/specifications/ffi-1.9.3.gemspec
I, [2014-02-08T15:55:40.439581 #13042]  INFO -- : 0:  hike (1.2.3) from /Users/mshwery/.rvm/gems/ruby-2.0.0-p353/specifications/hike-1.2.3.gemspec
I, [2014-02-08T15:55:40.439869 #13042]  INFO -- : 0:  liquid (2.5.5) from /Users/mshwery/.rvm/gems/ruby-2.0.0-p353/specifications/liquid-2.5.5.gemspec
I, [2014-02-08T15:55:40.440148 #13042]  INFO -- : 0:  rb-fsevent (0.9.4) from /Users/mshwery/.rvm/gems/ruby-2.0.0-p353/specifications/rb-fsevent-0.9.4.gemspec
I, [2014-02-08T15:55:40.440427 #13042]  INFO -- : 0:  rb-inotify (0.9.3) from /Users/mshwery/.rvm/gems/ruby-2.0.0-p353/specifications/rb-inotify-0.9.3.gemspec
I, [2014-02-08T15:55:40.440704 #13042]  INFO -- : 0:  rb-kqueue (0.2.0) from /Users/mshwery/.rvm/gems/ruby-2.0.0-p353/specifications/rb-kqueue-0.2.0.gemspec
I, [2014-02-08T15:55:40.440981 #13042]  INFO -- : 0:  listen (1.3.1) from /Users/mshwery/.rvm/gems/ruby-2.0.0-p353/specifications/listen-1.3.1.gemspec
I, [2014-02-08T15:55:40.441266 #13042]  INFO -- : 0:  maruku (0.7.1) from /Users/mshwery/.rvm/gems/ruby-2.0.0-p353/specifications/maruku-0.7.1.gemspec
I, [2014-02-08T15:55:40.441555 #13042]  INFO -- : 0:  posix-spawn (0.3.8) from /Users/mshwery/.rvm/gems/ruby-2.0.0-p353/specifications/posix-spawn-0.3.8.gemspec
I, [2014-02-08T15:55:40.441836 #13042]  INFO -- : 0:  yajl-ruby (1.1.0) from /Users/mshwery/.rvm/gems/ruby-2.0.0-p353/specifications/yajl-ruby-1.1.0.gemspec
I, [2014-02-08T15:55:40.442150 #13042]  INFO -- : 0:  pygments.rb (0.5.4) from /Users/mshwery/.rvm/gems/ruby-2.0.0-p353/specifications/pygments.rb-0.5.4.gemspec
I, [2014-02-08T15:55:40.442437 #13042]  INFO -- : 0:  redcarpet (2.3.0) from /Users/mshwery/.rvm/gems/ruby-2.0.0-p353/specifications/redcarpet-2.3.0.gemspec
I, [2014-02-08T15:55:40.442719 #13042]  INFO -- : 0:  safe_yaml (0.9.7) from /Users/mshwery/.rvm/gems/ruby-2.0.0-p353/specifications/safe_yaml-0.9.7.gemspec
I, [2014-02-08T15:55:40.443000 #13042]  INFO -- : 0:  parslet (1.5.0) from /Users/mshwery/.rvm/gems/ruby-2.0.0-p353/specifications/parslet-1.5.0.gemspec
I, [2014-02-08T15:55:40.443281 #13042]  INFO -- : 0:  toml (0.1.0) from /Users/mshwery/.rvm/gems/ruby-2.0.0-p353/specifications/toml-0.1.0.gemspec
I, [2014-02-08T15:55:40.443562 #13042]  INFO -- : 0:  jekyll (1.4.3) from /Users/mshwery/.rvm/gems/ruby-2.0.0-p353/specifications/jekyll-1.4.3.gemspec
I, [2014-02-08T15:55:40.443862 #13042]  INFO -- : 0:  multi_json (1.8.4) from /Users/mshwery/.rvm/gems/ruby-2.0.0-p353/specifications/multi_json-1.8.4.gemspec
I, [2014-02-08T15:55:40.444149 #13042]  INFO -- : 0:  rack (1.5.2) from /Users/mshwery/.rvm/gems/ruby-2.0.0-p353/specifications/rack-1.5.2.gemspec
I, [2014-02-08T15:55:40.444441 #13042]  INFO -- : 0:  tilt (1.4.1) from /Users/mshwery/.rvm/gems/ruby-2.0.0-p353/specifications/tilt-1.4.1.gemspec
I, [2014-02-08T15:55:40.444734 #13042]  INFO -- : 0:  sprockets (2.10.1) from /Users/mshwery/.rvm/gems/ruby-2.0.0-p353/specifications/sprockets-2.10.1.gemspec
I, [2014-02-08T15:55:40.445013 #13042]  INFO -- : 0:  jekyll-assets (0.7.4) from /Users/mshwery/.rvm/gems/ruby-2.0.0-p353/specifications/jekyll-assets-0.7.4.gemspec
I, [2014-02-08T15:55:40.445300 #13042]  INFO -- : 0:  kramdown (1.3.1) from /Users/mshwery/.rvm/gems/ruby-2.0.0-p353/specifications/kramdown-1.3.1.gemspec
I, [2014-02-08T15:55:40.654241 #13042]  INFO -- : 0:  rack-jekyll (0.4.1) from /Users/mshwery/.rvm/gems/ruby-2.0.0-p353/bundler/gems/rack-jekyll-4a77cbb4e4ef/rack-jekyll.gemspec
I, [2014-02-08T15:55:40.654702 #13042]  INFO -- : 0:  thin (1.6.1) from /Users/mshwery/.rvm/gems/ruby-2.0.0-p353/specifications/thin-1.6.1.gemspec
I, [2014-02-08T15:55:40.654992 #13042]  INFO -- : 0:  bundler (1.5.0) from /Users/mshwery/.rvm/gems/ruby-2.0.0-p353@global/specifications/bundler-1.5.0.gemspec
I, [2014-02-08T15:57:14.161287 #13054]  INFO -- : 0:  blankslate (2.1.2.4) from /Users/mshwery/.rvm/gems/ruby-2.0.0-p353/specifications/blankslate-2.1.2.4.gemspec
I, [2014-02-08T15:57:14.163390 #13054]  INFO -- : 0:  fast-stemmer (1.0.2) from /Users/mshwery/.rvm/gems/ruby-2.0.0-p353/specifications/fast-stemmer-1.0.2.gemspec
I, [2014-02-08T15:57:14.164160 #13054]  INFO -- : 0:  classifier (1.3.4) from /Users/mshwery/.rvm/gems/ruby-2.0.0-p353/specifications/classifier-1.3.4.gemspec
I, [2014-02-08T15:57:14.164455 #13054]  INFO -- : 0:  coderay (1.1.0) from /Users/mshwery/.rvm/gems/ruby-2.0.0-p353/specifications/coderay-1.1.0.gemspec
I, [2014-02-08T15:57:14.164737 #13054]  INFO -- : 0:  colorator (0.1) from /Users/mshwery/.rvm/gems/ruby-2.0.0-p353/specifications/colorator-0.1.gemspec
I, [2014-02-08T15:57:14.165026 #13054]  INFO -- : 0:  highline (1.6.20) from /Users/mshwery/.rvm/gems/ruby-2.0.0-p353/specifications/highline-1.6.20.gemspec
I, [2014-02-08T15:57:14.165311 #13054]  INFO -- : 0:  commander (4.1.5) from /Users/mshwery/.rvm/gems/ruby-2.0.0-p353/specifications/commander-4.1.5.gemspec
I, [2014-02-08T15:57:14.165604 #13054]  INFO -- : 0:  daemons (1.1.9) from /Users/mshwery/.rvm/gems/ruby-2.0.0-p353/specifications/daemons-1.1.9.gemspec
I, [2014-02-08T15:57:14.165899 #13054]  INFO -- : 0:  eventmachine (1.0.3) from /Users/mshwery/.rvm/gems/ruby-2.0.0-p353/specifications/eventmachine-1.0.3.gemspec
I, [2014-02-08T15:57:14.166177 #13054]  INFO -- : 0:  ffi (1.9.3) from /Users/mshwery/.rvm/gems/ruby-2.0.0-p353/specifications/ffi-1.9.3.gemspec
I, [2014-02-08T15:57:14.166461 #13054]  INFO -- : 0:  hike (1.2.3) from /Users/mshwery/.rvm/gems/ruby-2.0.0-p353/specifications/hike-1.2.3.gemspec
I, [2014-02-08T15:57:14.166778 #13054]  INFO -- : 0:  liquid (2.5.5) from /Users/mshwery/.rvm/gems/ruby-2.0.0-p353/specifications/liquid-2.5.5.gemspec
I, [2014-02-08T15:57:14.167057 #13054]  INFO -- : 0:  rb-fsevent (0.9.4) from /Users/mshwery/.rvm/gems/ruby-2.0.0-p353/specifications/rb-fsevent-0.9.4.gemspec
I, [2014-02-08T15:57:14.167341 #13054]  INFO -- : 0:  rb-inotify (0.9.3) from /Users/mshwery/.rvm/gems/ruby-2.0.0-p353/specifications/rb-inotify-0.9.3.gemspec
I, [2014-02-08T15:57:14.167622 #13054]  INFO -- : 0:  rb-kqueue (0.2.0) from /Users/mshwery/.rvm/gems/ruby-2.0.0-p353/specifications/rb-kqueue-0.2.0.gemspec
I, [2014-02-08T15:57:14.167901 #13054]  INFO -- : 0:  listen (1.3.1) from /Users/mshwery/.rvm/gems/ruby-2.0.0-p353/specifications/listen-1.3.1.gemspec
I, [2014-02-08T15:57:14.168185 #13054]  INFO -- : 0:  maruku (0.7.1) from /Users/mshwery/.rvm/gems/ruby-2.0.0-p353/specifications/maruku-0.7.1.gemspec
I, [2014-02-08T15:57:14.168473 #13054]  INFO -- : 0:  posix-spawn (0.3.8) from /Users/mshwery/.rvm/gems/ruby-2.0.0-p353/specifications/posix-spawn-0.3.8.gemspec
I, [2014-02-08T15:57:14.168752 #13054]  INFO -- : 0:  yajl-ruby (1.1.0) from /Users/mshwery/.rvm/gems/ruby-2.0.0-p353/specifications/yajl-ruby-1.1.0.gemspec
I, [2014-02-08T15:57:14.169038 #13054]  INFO -- : 0:  pygments.rb (0.5.4) from /Users/mshwery/.rvm/gems/ruby-2.0.0-p353/specifications/pygments.rb-0.5.4.gemspec
I, [2014-02-08T15:57:14.169319 #13054]  INFO -- : 0:  redcarpet (2.3.0) from /Users/mshwery/.rvm/gems/ruby-2.0.0-p353/specifications/redcarpet-2.3.0.gemspec
I, [2014-02-08T15:57:14.169599 #13054]  INFO -- : 0:  safe_yaml (0.9.7) from /Users/mshwery/.rvm/gems/ruby-2.0.0-p353/specifications/safe_yaml-0.9.7.gemspec
I, [2014-02-08T15:57:14.169876 #13054]  INFO -- : 0:  parslet (1.5.0) from /Users/mshwery/.rvm/gems/ruby-2.0.0-p353/specifications/parslet-1.5.0.gemspec
I, [2014-02-08T15:57:14.170154 #13054]  INFO -- : 0:  toml (0.1.0) from /Users/mshwery/.rvm/gems/ruby-2.0.0-p353/specifications/toml-0.1.0.gemspec
I, [2014-02-08T15:57:14.170438 #13054]  INFO -- : 0:  jekyll (1.4.3) from /Users/mshwery/.rvm/gems/ruby-2.0.0-p353/specifications/jekyll-1.4.3.gemspec
I, [2014-02-08T15:57:14.170728 #13054]  INFO -- : 0:  multi_json (1.8.4) from /Users/mshwery/.rvm/gems/ruby-2.0.0-p353/specifications/multi_json-1.8.4.gemspec
I, [2014-02-08T15:57:14.171016 #13054]  INFO -- : 0:  rack (1.5.2) from /Users/mshwery/.rvm/gems/ruby-2.0.0-p353/specifications/rack-1.5.2.gemspec
I, [2014-02-08T15:57:14.171302 #13054]  INFO -- : 0:  tilt (1.4.1) from /Users/mshwery/.rvm/gems/ruby-2.0.0-p353/specifications/tilt-1.4.1.gemspec
I, [2014-02-08T15:57:14.171592 #13054]  INFO -- : 0:  sprockets (2.10.1) from /Users/mshwery/.rvm/gems/ruby-2.0.0-p353/specifications/sprockets-2.10.1.gemspec
I, [2014-02-08T15:57:14.171874 #13054]  INFO -- : 0:  jekyll-assets (0.7.4) from /Users/mshwery/.rvm/gems/ruby-2.0.0-p353/specifications/jekyll-assets-0.7.4.gemspec
I, [2014-02-08T15:57:14.172157 #13054]  INFO -- : 0:  kramdown (1.3.1) from /Users/mshwery/.rvm/gems/ruby-2.0.0-p353/specifications/kramdown-1.3.1.gemspec
I, [2014-02-08T15:57:14.208342 #13054]  INFO -- : 0:  rack-jekyll (0.4.1) from /Users/mshwery/.rvm/gems/ruby-2.0.0-p353/bundler/gems/rack-jekyll-4a77cbb4e4ef/rack-jekyll.gemspec
I, [2014-02-08T15:57:14.208742 #13054]  INFO -- : 0:  thin (1.6.1) from /Users/mshwery/.rvm/gems/ruby-2.0.0-p353/specifications/thin-1.6.1.gemspec
I, [2014-02-08T15:57:14.209015 #13054]  INFO -- : 0:  bundler (1.5.0) from /Users/mshwery/.rvm/gems/ruby-2.0.0-p353@global/specifications/bundler-1.5.0.gemspec
I, [2014-02-08T16:10:04.131380 #13163]  INFO -- : 0:  blankslate (2.1.2.4) from /Users/mshwery/.rvm/gems/ruby-2.0.0-p353/specifications/blankslate-2.1.2.4.gemspec
I, [2014-02-08T16:10:04.143133 #13163]  INFO -- : 0:  fast-stemmer (1.0.2) from /Users/mshwery/.rvm/gems/ruby-2.0.0-p353/specifications/fast-stemmer-1.0.2.gemspec
I, [2014-02-08T16:10:04.143533 #13163]  INFO -- : 0:  classifier (1.3.4) from /Users/mshwery/.rvm/gems/ruby-2.0.0-p353/specifications/classifier-1.3.4.gemspec
I, [2014-02-08T16:10:04.143876 #13163]  INFO -- : 0:  coderay (1.1.0) from /Users/mshwery/.rvm/gems/ruby-2.0.0-p353/specifications/coderay-1.1.0.gemspec
I, [2014-02-08T16:10:04.144168 #13163]  INFO -- : 0:  coffee-script-source (1.6.3) from /Users/mshwery/.rvm/gems/ruby-2.0.0-p353/specifications/coffee-script-source-1.6.3.gemspec
I, [2014-02-08T16:10:04.144485 #13163]  INFO -- : 0:  execjs (2.0.2) from /Users/mshwery/.rvm/gems/ruby-2.0.0-p353/specifications/execjs-2.0.2.gemspec
I, [2014-02-08T16:10:04.144800 #13163]  INFO -- : 0:  coffee-script (2.2.0) from /Users/mshwery/.rvm/gems/ruby-2.0.0-p353/specifications/coffee-script-2.2.0.gemspec
I, [2014-02-08T16:10:04.145104 #13163]  INFO -- : 0:  colorator (0.1) from /Users/mshwery/.rvm/gems/ruby-2.0.0-p353/specifications/colorator-0.1.gemspec
I, [2014-02-08T16:10:04.145412 #13163]  INFO -- : 0:  highline (1.6.20) from /Users/mshwery/.rvm/gems/ruby-2.0.0-p353/specifications/highline-1.6.20.gemspec
I, [2014-02-08T16:10:04.145696 #13163]  INFO -- : 0:  commander (4.1.5) from /Users/mshwery/.rvm/gems/ruby-2.0.0-p353/specifications/commander-4.1.5.gemspec
I, [2014-02-08T16:10:04.146000 #13163]  INFO -- : 0:  daemons (1.1.9) from /Users/mshwery/.rvm/gems/ruby-2.0.0-p353/specifications/daemons-1.1.9.gemspec
I, [2014-02-08T16:10:04.146316 #13163]  INFO -- : 0:  eventmachine (1.0.3) from /Users/mshwery/.rvm/gems/ruby-2.0.0-p353/specifications/eventmachine-1.0.3.gemspec
I, [2014-02-08T16:10:04.146621 #13163]  INFO -- : 0:  ffi (1.9.3) from /Users/mshwery/.rvm/gems/ruby-2.0.0-p353/specifications/ffi-1.9.3.gemspec
I, [2014-02-08T16:10:04.146933 #13163]  INFO -- : 0:  hike (1.2.3) from /Users/mshwery/.rvm/gems/ruby-2.0.0-p353/specifications/hike-1.2.3.gemspec
I, [2014-02-08T16:10:04.147244 #13163]  INFO -- : 0:  liquid (2.5.5) from /Users/mshwery/.rvm/gems/ruby-2.0.0-p353/specifications/liquid-2.5.5.gemspec
I, [2014-02-08T16:10:04.147529 #13163]  INFO -- : 0:  rb-fsevent (0.9.4) from /Users/mshwery/.rvm/gems/ruby-2.0.0-p353/specifications/rb-fsevent-0.9.4.gemspec
I, [2014-02-08T16:10:04.147872 #13163]  INFO -- : 0:  rb-inotify (0.9.3) from /Users/mshwery/.rvm/gems/ruby-2.0.0-p353/specifications/rb-inotify-0.9.3.gemspec
I, [2014-02-08T16:10:04.148174 #13163]  INFO -- : 0:  rb-kqueue (0.2.0) from /Users/mshwery/.rvm/gems/ruby-2.0.0-p353/specifications/rb-kqueue-0.2.0.gemspec
I, [2014-02-08T16:10:04.148482 #13163]  INFO -- : 0:  listen (1.3.1) from /Users/mshwery/.rvm/gems/ruby-2.0.0-p353/specifications/listen-1.3.1.gemspec
I, [2014-02-08T16:10:04.148794 #13163]  INFO -- : 0:  maruku (0.7.1) from /Users/mshwery/.rvm/gems/ruby-2.0.0-p353/specifications/maruku-0.7.1.gemspec
I, [2014-02-08T16:10:04.149085 #13163]  INFO -- : 0:  posix-spawn (0.3.8) from /Users/mshwery/.rvm/gems/ruby-2.0.0-p353/specifications/posix-spawn-0.3.8.gemspec
I, [2014-02-08T16:10:04.149478 #13163]  INFO -- : 0:  yajl-ruby (1.1.0) from /Users/mshwery/.rvm/gems/ruby-2.0.0-p353/specifications/yajl-ruby-1.1.0.gemspec
I, [2014-02-08T16:10:04.149794 #13163]  INFO -- : 0:  pygments.rb (0.5.4) from /Users/mshwery/.rvm/gems/ruby-2.0.0-p353/specifications/pygments.rb-0.5.4.gemspec
I, [2014-02-08T16:10:04.150098 #13163]  INFO -- : 0:  redcarpet (2.3.0) from /Users/mshwery/.rvm/gems/ruby-2.0.0-p353/specifications/redcarpet-2.3.0.gemspec
I, [2014-02-08T16:10:04.150405 #13163]  INFO -- : 0:  safe_yaml (0.9.7) from /Users/mshwery/.rvm/gems/ruby-2.0.0-p353/specifications/safe_yaml-0.9.7.gemspec
I, [2014-02-08T16:10:04.150712 #13163]  INFO -- : 0:  parslet (1.5.0) from /Users/mshwery/.rvm/gems/ruby-2.0.0-p353/specifications/parslet-1.5.0.gemspec
I, [2014-02-08T16:10:04.150994 #13163]  INFO -- : 0:  toml (0.1.0) from /Users/mshwery/.rvm/gems/ruby-2.0.0-p353/specifications/toml-0.1.0.gemspec
I, [2014-02-08T16:10:04.151365 #13163]  INFO -- : 0:  jekyll (1.4.3) from /Users/mshwery/.rvm/gems/ruby-2.0.0-p353/specifications/jekyll-1.4.3.gemspec
I, [2014-02-08T16:10:04.151680 #13163]  INFO -- : 0:  multi_json (1.8.4) from /Users/mshwery/.rvm/gems/ruby-2.0.0-p353/specifications/multi_json-1.8.4.gemspec
I, [2014-02-08T16:10:04.151996 #13163]  INFO -- : 0:  rack (1.5.2) from /Users/mshwery/.rvm/gems/ruby-2.0.0-p353/specifications/rack-1.5.2.gemspec
I, [2014-02-08T16:10:04.152320 #13163]  INFO -- : 0:  tilt (1.4.1) from /Users/mshwery/.rvm/gems/ruby-2.0.0-p353/specifications/tilt-1.4.1.gemspec
I, [2014-02-08T16:10:04.152607 #13163]  INFO -- : 0:  sprockets (2.10.1) from /Users/mshwery/.rvm/gems/ruby-2.0.0-p353/specifications/sprockets-2.10.1.gemspec
I, [2014-02-08T16:10:04.152912 #13163]  INFO -- : 0:  jekyll-assets (0.7.4) from /Users/mshwery/.rvm/gems/ruby-2.0.0-p353/specifications/jekyll-assets-0.7.4.gemspec
I, [2014-02-08T16:10:04.153224 #13163]  INFO -- : 0:  json (1.8.1) from /Users/mshwery/.rvm/gems/ruby-2.0.0-p353/specifications/json-1.8.1.gemspec
I, [2014-02-08T16:10:04.153532 #13163]  INFO -- : 0:  kramdown (1.3.1) from /Users/mshwery/.rvm/gems/ruby-2.0.0-p353/specifications/kramdown-1.3.1.gemspec
I, [2014-02-08T16:10:04.438935 #13163]  INFO -- : 0:  rack-jekyll (0.4.1) from /Users/mshwery/.rvm/gems/ruby-2.0.0-p353/bundler/gems/rack-jekyll-4a77cbb4e4ef/rack-jekyll.gemspec
I, [2014-02-08T16:10:04.439561 #13163]  INFO -- : 0:  sass (3.2.13) from /Users/mshwery/.rvm/gems/ruby-2.0.0-p353/specifications/sass-3.2.13.gemspec
I, [2014-02-08T16:10:04.440001 #13163]  INFO -- : 0:  thin (1.6.1) from /Users/mshwery/.rvm/gems/ruby-2.0.0-p353/specifications/thin-1.6.1.gemspec
I, [2014-02-08T16:10:04.440376 #13163]  INFO -- : 0:  uglifier (2.4.0) from /Users/mshwery/.rvm/gems/ruby-2.0.0-p353/specifications/uglifier-2.4.0.gemspec
I, [2014-02-08T16:10:04.440747 #13163]  INFO -- : 0:  bundler (1.5.0) from /Users/mshwery/.rvm/gems/ruby-2.0.0-p353@global/specifications/bundler-1.5.0.gemspec
